<?xml version="1.0" encoding="UTF-8"?>
<!-- Generated by org.testng.reporters.JUnitXMLReporter -->
<testsuite ignored="0" hostname="DESKTOP-EPG0GEV" failures="0" tests="4" name="Default test" time="2.184" errors="0" timestamp="2022-12-26T19:03:09 IST">
  <testcase classname="BookValidation.AddBooks" name="addBook" time="1.746"/>
  <testcase classname="BookValidation.AddBooks" name="addBook" time="0.137"/>
  <testcase classname="BookValidation.AddBooks" name="addBook" time="0.118"/>
  <testcase classname="BookValidation.AddBooks" name="addBook" time="0.137"/>
</testsuite> <!-- Default test -->
